<?xml version="1.0" encoding="UTF-8"?>
<!-- Generated by org.testng.reporters.JUnitReportReporter -->
<testsuite skipped="0" hostname="IP-AC1F409A" name="tests.Exercise_26" tests="4" failures="0" timestamp="2023-08-13T07:08:50 UTC" time="76.516" errors="0">
  <testcase name="testUsingXcel" time="23.713" classname="tests.Exercise_26"/>
  <testcase name="testUsingXcel" time="14.545" classname="tests.Exercise_26"/>
  <testcase name="testUsingXcel" time="21.182" classname="tests.Exercise_26"/>
  <testcase name="testUsingXcel" time="17.076" classname="tests.Exercise_26"/>
</testsuite> <!-- tests.Exercise_26 -->
