<?xml version="1.0" encoding="UTF-8"?>
<!-- Generated by org.testng.reporters.JUnitReportReporter -->
<testsuite skipped="0" hostname="IP-AC1F409A" name="tests.Exercise25" tests="1" failures="0" timestamp="2023-08-06T17:45:20 UTC" time="7.619" errors="0">
  <testcase name="f" time="7.619" classname="tests.Exercise25"/>
</testsuite> <!-- tests.Exercise25 -->
