<?xml version="1.0" encoding="UTF-8"?>
<!-- Generated by org.testng.reporters.JUnitReportReporter -->
<testsuite skipped="0" hostname="IP-AC1F409A" name="tests.NewTest" tests="1" failures="0" timestamp="2023-08-05T16:05:54 UTC" time="17.230" errors="0">
  <testcase name="f" time="17.230" classname="tests.NewTest"/>
</testsuite> <!-- tests.NewTest -->
